<?xml version="1.0" encoding="UTF-8"?>
<testng-results ignored="0" total="1" passed="1" failed="0" skipped="0">
  <reporter-output>
  </reporter-output>
  <suite started-at="2022-03-26T23:53:45 EDT" name="Default suite" finished-at="2022-03-26T23:53:53 EDT" duration-ms="8043">
    <groups>
    </groups>
    <test started-at="2022-03-26T23:53:45 EDT" name="Default test" finished-at="2022-03-26T23:53:53 EDT" duration-ms="8043">
      <class name="TestCases.adimnTestCase">
        <test-method is-config="true" signature="steup()[pri:0, instance:TestCases.adimnTestCase@fa49800]" started-at="2022-03-26T23:53:45 EDT" name="steup" finished-at="2022-03-26T23:53:51 EDT" duration-ms="6865" status="PASS">
          <reporter-output>
          </reporter-output>
        </test-method> <!-- steup -->
        <test-method signature="adminTest()[pri:0, instance:TestCases.adimnTestCase@fa49800]" started-at="2022-03-26T23:53:51 EDT" name="adminTest" finished-at="2022-03-26T23:53:53 EDT" duration-ms="1112" status="PASS">
          <reporter-output>
          </reporter-output>
        </test-method> <!-- adminTest -->
      </class> <!-- TestCases.adimnTestCase -->
    </test> <!-- Default test -->
  </suite> <!-- Default suite -->
</testng-results>
